INFO:roboLog:Info from Arduino: Light override de-activated
INFO:roboLog:Info from Arduino: All lights set to ON
INFO:roboLog:Info from Arduino: Light override activated for 1000 seconds
INFO:roboLog:Serial interface configured on /dev/ttyACM0@115200 Pyserisal version: 3.5
INFO:roboLog:System started. System time is: 10:22
INFO:roboLog:Current program: {'progID': '001', 'progName': 'Default', 'pumpStartEvery': 1800, 'pumpRunTime': 20, 'pumpON': '08:00', 'pumpOFF': '22:00', 'lightBrightness': 255, 'RGB': '255 150 255', 'lightsON': '06:00', 'lightsOFF': '21:00', 'progDescription': 'Default program, lights and pump are off during quiet hours. Medium watering'}
INFO:roboLog:Background jobs: [<Job (id=broadcastTime name=broadcastTime)>, <Job (id=checkL name=checkLights)>, <Job (id=pingHost name=pingHost)>, <Job (id=checkP name=activatePump)>]
INFO:roboLog:Info from Arduino: Brightness set to: 255 (100%)
INFO:roboLog:RGB set to 255 150 255
INFO:roboLog:Info from Arduino: LED set to RGB: 255 150 255 
INFO:roboLog:Lights set to 255
INFO:roboLog:Info from Arduino: Light growth set to ON
INFO:roboLog:Info from Arduino: Light bloom set to ON
INFO:roboLog:Info from Arduino: Pump start
INFO:roboLog:Info from Arduino: Pump stopped
ERROR:apscheduler.executors.default:Job "activatePump (trigger: interval[0:30:00], next run at: 2021-04-17 11:52:43 CEST)" raised an exception
Traceback (most recent call last):
  File "/home/paolo/NAS/Software/roboGarden/server/.venv/lib/python3.8/site-packages/serial/serialposix.py", line 322, in open
    self.fd = os.open(self.portstr, os.O_RDWR | os.O_NOCTTY | os.O_NONBLOCK)
FileNotFoundError: [Errno 2] No such file or directory: '/dev/ttyACM0'

During handling of the above exception, another exception occurred:

Traceback (most recent call last):
  File "/home/paolo/NAS/Software/roboGarden/server/.venv/lib/python3.8/site-packages/apscheduler/executors/base.py", line 125, in run_job
    retval = job.func(*job.args, **job.kwargs)
  File "/home/paolo/NAS/Software/roboGarden/server/blueprints/threads.py", line 150, in activatePump
    arduinoCommand("pumpStart")
  File "/home/paolo/NAS/Software/roboGarden/server/blueprints/threads.py", line 128, in arduinoCommand
    serial.Serial(
  File "/home/paolo/NAS/Software/roboGarden/server/.venv/lib/python3.8/site-packages/serial/serialutil.py", line 244, in __init__
    self.open()
  File "/home/paolo/NAS/Software/roboGarden/server/.venv/lib/python3.8/site-packages/serial/serialposix.py", line 325, in open
    raise SerialException(msg.errno, "could not open port {}: {}".format(self._port, msg))
serial.serialutil.SerialException: [Errno 2] could not open port /dev/ttyACM0: [Errno 2] No such file or directory: '/dev/ttyACM0'
